<?xml version="1.0" encoding="UTF-8"?>
<!-- Generated by org.testng.reporters.JUnitReportReporter -->
<testsuite skipped="18" hostname="VDDP35G-FBHRKM3" name="com.osc.automation.testcases.QuickQuotePageTest" tests="19" failures="0" timestamp="18 Feb 2020 15:15:03 GMT" time="0.019" errors="1">
  <testcase name="endTest" time="0.017" classname="com.osc.automation.testcases.QuickQuotePageTest">
    <error type="java.lang.NullPointerException">
      <![CDATA[java.lang.NullPointerException
	at com.osc.automation.testcases.QuickQuotePageTest.endTest(QuickQuotePageTest.java:427)
	at sun.reflect.NativeMethodAccessorImpl.invoke0(Native Method)
	at sun.reflect.NativeMethodAccessorImpl.invoke(NativeMethodAccessorImpl.java:62)
	at sun.reflect.DelegatingMethodAccessorImpl.invoke(DelegatingMethodAccessorImpl.java:43)
	at java.lang.reflect.Method.invoke(Method.java:498)
	at org.testng.internal.MethodInvocationHelper.invokeMethod(MethodInvocationHelper.java:108)
	at org.testng.internal.Invoker.invokeConfigurationMethod(Invoker.java:523)
	at org.testng.internal.Invoker.invokeConfigurations(Invoker.java:224)
	at org.testng.internal.Invoker.invokeConfigurations(Invoker.java:146)
	at org.testng.internal.TestMethodWorker.invokeBeforeClassMethods(TestMethodWorker.java:166)
	at org.testng.internal.TestMethodWorker.run(TestMethodWorker.java:105)
	at org.testng.TestRunner.privateRun(TestRunner.java:744)
	at org.testng.TestRunner.run(TestRunner.java:602)
	at org.testng.SuiteRunner.runTest(SuiteRunner.java:380)
	at org.testng.SuiteRunner.runSequentially(SuiteRunner.java:375)
	at org.testng.SuiteRunner.privateRun(SuiteRunner.java:340)
	at org.testng.SuiteRunner.run(SuiteRunner.java:289)
	at org.testng.SuiteRunnerWorker.runSuite(SuiteRunnerWorker.java:52)
	at org.testng.SuiteRunnerWorker.run(SuiteRunnerWorker.java:86)
	at org.testng.TestNG.runSuitesSequentially(TestNG.java:1301)
	at org.testng.TestNG.runSuitesLocally(TestNG.java:1226)
	at org.testng.TestNG.runSuites(TestNG.java:1144)
	at org.testng.TestNG.run(TestNG.java:1115)
	at org.testng.remote.AbstractRemoteTestNG.run(AbstractRemoteTestNG.java:132)
	at org.testng.remote.RemoteTestNG.initAndRun(RemoteTestNG.java:230)
	at org.testng.remote.RemoteTestNG.main(RemoteTestNG.java:76)
]]>
    </error>
  </testcase> <!-- endTest -->
  <testcase name="testQuickQuotePageWelcome" time="0.001" classname="com.osc.automation.testcases.QuickQuotePageTest">
    <skipped/>
  </testcase> <!-- testQuickQuotePageWelcome -->
  <testcase name="verifyThatQuickQuotePageIsOpen" time="0.000" classname="com.osc.automation.testcases.QuickQuotePageTest">
    <skipped/>
  </testcase> <!-- verifyThatQuickQuotePageIsOpen -->
  <testcase name="verifyQuickQuotePageTabTitle" time="0.000" classname="com.osc.automation.testcases.QuickQuotePageTest">
    <skipped/>
  </testcase> <!-- verifyQuickQuotePageTabTitle -->
  <testcase name="verifyQuickQuotePageContacUsButtonText" time="0.000" classname="com.osc.automation.testcases.QuickQuotePageTest">
    <skipped/>
  </testcase> <!-- verifyQuickQuotePageContacUsButtonText -->
  <testcase name="veryfyQuickQuotePageContacUsButtonFunctionalityWhenDefaultLanguageSelected" time="0.000" classname="com.osc.automation.testcases.QuickQuotePageTest">
    <skipped/>
  </testcase> <!-- veryfyQuickQuotePageContacUsButtonFunctionalityWhenDefaultLanguageSelected -->
  <testcase name="verifyQuickQuotePageLanguageSwitcherTextWhenDefault" time="0.000" classname="com.osc.automation.testcases.QuickQuotePageTest">
    <skipped/>
  </testcase> <!-- verifyQuickQuotePageLanguageSwitcherTextWhenDefault -->
  <testcase name="veryfyChinesTextOfQuickQuotePageLanguageSwitchButton" time="0.000" classname="com.osc.automation.testcases.QuickQuotePageTest">
    <skipped/>
  </testcase> <!-- veryfyChinesTextOfQuickQuotePageLanguageSwitchButton -->
  <testcase name="verifyQuickQuotePageWhenSelectLanguageChinese" time="0.000" classname="com.osc.automation.testcases.QuickQuotePageTest">
    <skipped/>
  </testcase> <!-- verifyQuickQuotePageWhenSelectLanguageChinese -->
  <testcase name="verifyQuickQuotePageTitleWhenLanguageSwitchToChinese" time="0.000" classname="com.osc.automation.testcases.QuickQuotePageTest">
    <skipped/>
  </testcase> <!-- verifyQuickQuotePageTitleWhenLanguageSwitchToChinese -->
  <testcase name="verifyQuickQuotePageStepsWhenLanguageSelectedToChinese" time="0.000" classname="com.osc.automation.testcases.QuickQuotePageTest">
    <skipped/>
  </testcase> <!-- verifyQuickQuotePageStepsWhenLanguageSelectedToChinese -->
  <testcase name="verifyQuickQuotePageOSCProductDetailsWhenLanguageSelectedToChinese" time="0.000" classname="com.osc.automation.testcases.QuickQuotePageTest">
    <skipped/>
  </testcase> <!-- verifyQuickQuotePageOSCProductDetailsWhenLanguageSelectedToChinese -->
  <testcase name="verifyQuickQuotePageWhenLanguageSwitchToEnglishFromChinese" time="0.000" classname="com.osc.automation.testcases.QuickQuotePageTest">
    <skipped/>
  </testcase> <!-- verifyQuickQuotePageWhenLanguageSwitchToEnglishFromChinese -->
  <testcase name="verifyQuickQuotePageTitleWhenLanguageSwitchToEnglishFromChinese" time="0.000" classname="com.osc.automation.testcases.QuickQuotePageTest">
    <skipped/>
  </testcase> <!-- verifyQuickQuotePageTitleWhenLanguageSwitchToEnglishFromChinese -->
  <testcase name="verifyQuickQuotePageStepsTextWhenLanguageSelectedToEnglish" time="0.001" classname="com.osc.automation.testcases.QuickQuotePageTest">
    <skipped/>
  </testcase> <!-- verifyQuickQuotePageStepsTextWhenLanguageSelectedToEnglish -->
  <testcase name="verifyQuickQuotePageOSCProductDetailsWhenLanguageSelectedToEnglish" time="0.000" classname="com.osc.automation.testcases.QuickQuotePageTest">
    <skipped/>
  </testcase> <!-- verifyQuickQuotePageOSCProductDetailsWhenLanguageSelectedToEnglish -->
  <testcase name="verifyExploreBenefitsButtonText" time="0.000" classname="com.osc.automation.testcases.QuickQuotePageTest">
    <skipped/>
  </testcase> <!-- verifyExploreBenefitsButtonText -->
  <testcase name="verifyExploreBenefitsPopupWhenClickOnButton" time="0.000" classname="com.osc.automation.testcases.QuickQuotePageTest">
    <skipped/>
  </testcase> <!-- verifyExploreBenefitsPopupWhenClickOnButton -->
  <testcase name="verifyExploreBenefitsPopupContent" time="0.000" classname="com.osc.automation.testcases.QuickQuotePageTest">
    <skipped/>
  </testcase> <!-- verifyExploreBenefitsPopupContent -->
</testsuite> <!-- com.osc.automation.testcases.QuickQuotePageTest -->
